Build started 5.6.2011. 19:28:42.
     1>Project "D:\Users\Zvone\Personal\Lea\OO\Labosi\Labos3\Zad2 - Iteratori\Zad2 - Iteratori.vcxproj" on node 2 (build target(s)).
     1>InitializeBuildStatus:
         Creating "Debug\Zad2 - Iteratori.unsuccessfulbuild" because "AlwaysCreate" was specified.
       ClCompile:
         All outputs are up-to-date.
         C:\Program Files\Microsoft Visual Studio 10.0\VC\bin\CL.exe /c /ZI /nologo /W3 /WX- /Od /Oy- /D WIN32 /D _DEBUG /D _CONSOLE /D _UNICODE /D UNICODE /Gm /EHsc /RTC1 /MDd /GS /fp:precise /Zc:wchar_t /Zc:forScope /Yu"StdAfx.h" /Fp"Debug\Zad2 - Iteratori.pch" /Fo"Debug\\" /Fd"Debug\vc100.pdb" /Gd /TP /analyze- /errorReport:prompt "Zad2 - Iteratori.cpp"
         Zad2 - Iteratori.cpp
     1>d:\users\zvone\personal\lea\oo\labosi\labos3\zad2 - iteratori\zad2 - iteratori.cpp(75): warning C4018: '<' : signed/unsigned mismatch
     1>d:\users\zvone\personal\lea\oo\labosi\labos3\zad2 - iteratori\zad2 - iteratori.cpp(94): warning C4018: '<' : signed/unsigned mismatch
       ManifestResourceCompile:
         All outputs are up-to-date.
       Link:
         C:\Program Files\Microsoft Visual Studio 10.0\VC\bin\link.exe /ERRORREPORT:PROMPT /OUT:"D:\Users\Zvone\Personal\Lea\OO\Labosi\Labos3\Debug\Zad2 - Iteratori.exe" /INCREMENTAL /NOLOGO kernel32.lib user32.lib gdi32.lib winspool.lib comdlg32.lib advapi32.lib shell32.lib ole32.lib oleaut32.lib uuid.lib odbc32.lib odbccp32.lib /MANIFEST /ManifestFile:"Debug\Zad2 - Iteratori.exe.intermediate.manifest" /MANIFESTUAC:"level='asInvoker' uiAccess='false'" /DEBUG /PDB:"D:\Users\Zvone\Personal\Lea\OO\Labosi\Labos3\Debug\Zad2 - Iteratori.pdb" /SUBSYSTEM:CONSOLE /TLBID:1 /DYNAMICBASE /NXCOMPAT /IMPLIB:"D:\Users\Zvone\Personal\Lea\OO\Labosi\Labos3\Debug\Zad2 - Iteratori.lib" /MACHINE:X86 "Debug\Zad2 - Iteratori.exe.embed.manifest.res"
         Debug\stdafx.obj
         "Debug\Zad2 - Iteratori.obj"
       Manifest:
         C:\Program Files\Microsoft SDKs\Windows\v7.0A\bin\mt.exe /nologo /verbose /out:"Debug\Zad2 - Iteratori.exe.embed.manifest" /manifest "Debug\Zad2 - Iteratori.exe.intermediate.manifest"
         All outputs are up-to-date.
       LinkEmbedManifest:
         All outputs are up-to-date.
         Zad2 - Iteratori.vcxproj -> D:\Users\Zvone\Personal\Lea\OO\Labosi\Labos3\Debug\Zad2 - Iteratori.exe
       FinalizeBuildStatus:
         Deleting file "Debug\Zad2 - Iteratori.unsuccessfulbuild".
         Touching "Debug\Zad2 - Iteratori.lastbuildstate".
     1>Done Building Project "D:\Users\Zvone\Personal\Lea\OO\Labosi\Labos3\Zad2 - Iteratori\Zad2 - Iteratori.vcxproj" (build target(s)).

Build succeeded.

Time Elapsed 00:00:01.62
