Build started 5.6.2011. 18:41:36.
     1>Project "D:\Users\Zvone\Personal\Lea\OO\Labosi\Labos3\Zad1 - Prilagodnik\Zad1 - Prilagodnik.vcxproj" on node 3 (build target(s)).
     1>InitializeBuildStatus:
         Creating "Debug\Zad1 - Prilagodnik.unsuccessfulbuild" because "AlwaysCreate" was specified.
       ClCompile:
         All outputs are up-to-date.
         C:\Program Files\Microsoft Visual Studio 10.0\VC\bin\CL.exe /c /ZI /nologo /W3 /WX- /Od /Oy- /D WIN32 /D _DEBUG /D _CONSOLE /D _UNICODE /D UNICODE /Gm /EHsc /RTC1 /MDd /GS /fp:precise /Zc:wchar_t /Zc:forScope /Yu"StdAfx.h" /Fp"Debug\Zad1 - Prilagodnik.pch" /Fo"Debug\\" /Fd"Debug\vc100.pdb" /Gd /TP /analyze- /errorReport:prompt "Zad1 - Prilagodnik.cpp"
         Zad1 - Prilagodnik.cpp
     1>d:\users\zvone\personal\lea\oo\labosi\labos3\zad1 - prilagodnik\zad1 - prilagodnik.cpp(50): warning C4018: '<' : signed/unsigned mismatch
       ManifestResourceCompile:
         All outputs are up-to-date.
       Link:
         C:\Program Files\Microsoft Visual Studio 10.0\VC\bin\link.exe /ERRORREPORT:PROMPT /OUT:"D:\Users\Zvone\Personal\Lea\OO\Labosi\Labos3\Debug\Zad1 - Prilagodnik.exe" /INCREMENTAL /NOLOGO kernel32.lib user32.lib gdi32.lib winspool.lib comdlg32.lib advapi32.lib shell32.lib ole32.lib oleaut32.lib uuid.lib odbc32.lib odbccp32.lib /MANIFEST /ManifestFile:"Debug\Zad1 - Prilagodnik.exe.intermediate.manifest" /MANIFESTUAC:"level='asInvoker' uiAccess='false'" /DEBUG /PDB:"D:\Users\Zvone\Personal\Lea\OO\Labosi\Labos3\Debug\Zad1 - Prilagodnik.pdb" /SUBSYSTEM:CONSOLE /TLBID:1 /DYNAMICBASE /NXCOMPAT /IMPLIB:"D:\Users\Zvone\Personal\Lea\OO\Labosi\Labos3\Debug\Zad1 - Prilagodnik.lib" /MACHINE:X86 "Debug\Zad1 - Prilagodnik.exe.embed.manifest.res"
         Debug\stdafx.obj
         "Debug\Zad1 - Prilagodnik.obj"
       Manifest:
         C:\Program Files\Microsoft SDKs\Windows\v7.0A\bin\mt.exe /nologo /verbose /out:"Debug\Zad1 - Prilagodnik.exe.embed.manifest" /manifest "Debug\Zad1 - Prilagodnik.exe.intermediate.manifest"
         All outputs are up-to-date.
       LinkEmbedManifest:
         All outputs are up-to-date.
         Zad1 - Prilagodnik.vcxproj -> D:\Users\Zvone\Personal\Lea\OO\Labosi\Labos3\Debug\Zad1 - Prilagodnik.exe
       FinalizeBuildStatus:
         Deleting file "Debug\Zad1 - Prilagodnik.unsuccessfulbuild".
         Touching "Debug\Zad1 - Prilagodnik.lastbuildstate".
     1>Done Building Project "D:\Users\Zvone\Personal\Lea\OO\Labosi\Labos3\Zad1 - Prilagodnik\Zad1 - Prilagodnik.vcxproj" (build target(s)).

Build succeeded.

Time Elapsed 00:00:02.43
