Build started 6.6.2011. 11:07:04.
     1>Project "D:\Users\Zvone\Personal\Lea\OO\Labosi\Labos3\Zad5 - Composite\Zad5 - Composite.vcxproj" on node 2 (build target(s)).
     1>InitializeBuildStatus:
         Touching "Debug\Zad5 - Composite.unsuccessfulbuild".
       ClCompile:
         All outputs are up-to-date.
         C:\Program Files\Microsoft Visual Studio 10.0\VC\bin\CL.exe /c /ZI /nologo /W3 /WX- /Od /Oy- /D WIN32 /D _DEBUG /D _CONSOLE /D _UNICODE /D UNICODE /Gm /EHsc /RTC1 /MDd /GS /fp:precise /Zc:wchar_t /Zc:forScope /Yu"StdAfx.h" /Fp"Debug\Zad5 - Composite.pch" /Fo"Debug\\" /Fd"Debug\vc100.pdb" /Gd /TP /analyze- /errorReport:prompt "Zad5 - Composite.cpp"
         Zad5 - Composite.cpp
       ManifestResourceCompile:
         All outputs are up-to-date.
       Link:
         C:\Program Files\Microsoft Visual Studio 10.0\VC\bin\link.exe /ERRORREPORT:PROMPT /OUT:"D:\Users\Zvone\Personal\Lea\OO\Labosi\Labos3\Debug\Zad5 - Composite.exe" /INCREMENTAL /NOLOGO kernel32.lib user32.lib gdi32.lib winspool.lib comdlg32.lib advapi32.lib shell32.lib ole32.lib oleaut32.lib uuid.lib odbc32.lib odbccp32.lib /MANIFEST /ManifestFile:"Debug\Zad5 - Composite.exe.intermediate.manifest" /MANIFESTUAC:"level='asInvoker' uiAccess='false'" /DEBUG /PDB:"D:\Users\Zvone\Personal\Lea\OO\Labosi\Labos3\Debug\Zad5 - Composite.pdb" /SUBSYSTEM:CONSOLE /TLBID:1 /DYNAMICBASE /NXCOMPAT /IMPLIB:"D:\Users\Zvone\Personal\Lea\OO\Labosi\Labos3\Debug\Zad5 - Composite.lib" /MACHINE:X86 "Debug\Zad5 - Composite.exe.embed.manifest.res"
         Debug\stdafx.obj
         "Debug\Zad5 - Composite.obj"
       Manifest:
         C:\Program Files\Microsoft SDKs\Windows\v7.0A\bin\mt.exe /nologo /verbose /out:"Debug\Zad5 - Composite.exe.embed.manifest" /manifest "Debug\Zad5 - Composite.exe.intermediate.manifest"
         All outputs are up-to-date.
       LinkEmbedManifest:
         All outputs are up-to-date.
         Zad5 - Composite.vcxproj -> D:\Users\Zvone\Personal\Lea\OO\Labosi\Labos3\Debug\Zad5 - Composite.exe
       FinalizeBuildStatus:
         Deleting file "Debug\Zad5 - Composite.unsuccessfulbuild".
         Touching "Debug\Zad5 - Composite.lastbuildstate".
     1>Done Building Project "D:\Users\Zvone\Personal\Lea\OO\Labosi\Labos3\Zad5 - Composite\Zad5 - Composite.vcxproj" (build target(s)).

Build succeeded.

Time Elapsed 00:00:02.13
