Build started 5.6.2011. 19:44:39.
     1>Project "D:\Users\Zvone\Personal\Lea\OO\Labosi\Labos3\Zad3 - Template Method\Zad3 - Template Method.vcxproj" on node 2 (build target(s)).
     1>InitializeBuildStatus:
         Creating "Debug\Zad3 - Template Method.unsuccessfulbuild" because "AlwaysCreate" was specified.
       ClCompile:
         All outputs are up-to-date.
         C:\Program Files\Microsoft Visual Studio 10.0\VC\bin\CL.exe /c /ZI /nologo /W3 /WX- /Od /Oy- /D WIN32 /D _DEBUG /D _CONSOLE /D _UNICODE /D UNICODE /Gm /EHsc /RTC1 /MDd /GS /fp:precise /Zc:wchar_t /Zc:forScope /Yu"StdAfx.h" /Fp"Debug\Zad3 - Template Method.pch" /Fo"Debug\\" /Fd"Debug\vc100.pdb" /Gd /TP /analyze- /errorReport:prompt "Zad3 - Template Method.cpp"
         Zad3 - Template Method.cpp
       ManifestResourceCompile:
         All outputs are up-to-date.
       Link:
         C:\Program Files\Microsoft Visual Studio 10.0\VC\bin\link.exe /ERRORREPORT:PROMPT /OUT:"D:\Users\Zvone\Personal\Lea\OO\Labosi\Labos3\Debug\Zad3 - Template Method.exe" /INCREMENTAL /NOLOGO kernel32.lib user32.lib gdi32.lib winspool.lib comdlg32.lib advapi32.lib shell32.lib ole32.lib oleaut32.lib uuid.lib odbc32.lib odbccp32.lib /MANIFEST /ManifestFile:"Debug\Zad3 - Template Method.exe.intermediate.manifest" /MANIFESTUAC:"level='asInvoker' uiAccess='false'" /DEBUG /PDB:"D:\Users\Zvone\Personal\Lea\OO\Labosi\Labos3\Debug\Zad3 - Template Method.pdb" /SUBSYSTEM:CONSOLE /TLBID:1 /DYNAMICBASE /NXCOMPAT /IMPLIB:"D:\Users\Zvone\Personal\Lea\OO\Labosi\Labos3\Debug\Zad3 - Template Method.lib" /MACHINE:X86 "Debug\Zad3 - Template Method.exe.embed.manifest.res"
         Debug\stdafx.obj
         "Debug\Zad3 - Template Method.obj"
       Manifest:
         C:\Program Files\Microsoft SDKs\Windows\v7.0A\bin\mt.exe /nologo /verbose /out:"Debug\Zad3 - Template Method.exe.embed.manifest" /manifest "Debug\Zad3 - Template Method.exe.intermediate.manifest"
         All outputs are up-to-date.
       LinkEmbedManifest:
         All outputs are up-to-date.
         Zad3 - Template Method.vcxproj -> D:\Users\Zvone\Personal\Lea\OO\Labosi\Labos3\Debug\Zad3 - Template Method.exe
       FinalizeBuildStatus:
         Deleting file "Debug\Zad3 - Template Method.unsuccessfulbuild".
         Touching "Debug\Zad3 - Template Method.lastbuildstate".
     1>Done Building Project "D:\Users\Zvone\Personal\Lea\OO\Labosi\Labos3\Zad3 - Template Method\Zad3 - Template Method.vcxproj" (build target(s)).

Build succeeded.

Time Elapsed 00:00:01.29
